(node:14866) DeprecationWarning: Tapable.plugin is deprecated. Use new API on `.hooks` instead
ℹ ｢wdm｣: wait until bundle finished: noop
09 11 2018 09:07:01.324:WARN [karma]: No captured browser, open http://localhost:9876/
ℹ ｢wdm｣: Hash: [1m9bccef38d94803c1faa8[39m[22m
Version: webpack [1m4.23.1[39m[22m
Time: [1m14383[39m[22mms
Built at: 11/09/2018 [1m9:07:01 AM[39m[22m
                                   [1mAsset[39m[22m      [1mSize[39m[22m                          [1mChunks[39m[22m  [1m[39m[22m           [1m[39m[22m[1mChunk Names[39m[22m
[1m[32mjs-tests/hausbewerter-js-tests.bundle.js[39m[22m  1.75 MiB  [1mjs-tests/hausbewerter-js-tests[39m[22m  [1m[32m[emitted][39m[22m  js-tests/hausbewerter-js-tests
                          [1m[32mmain.bundle.js[39m[22m  4.51 MiB                            [1mmain[39m[22m  [1m[32m[emitted][39m[22m  main
Entrypoint [1mmain[39m[22m = [1m[32mmain.bundle.js[39m[22m
Entrypoint [1mjs-tests/hausbewerter-js-tests[39m[22m = [1m[32mjs-tests/hausbewerter-js-tests.bundle.js[39m[22m
[../js-tests/hausbewerter-js-tests.js] [1m./js-tests/hausbewerter-js-tests.js[39m[22m 894 bytes {[1m[33mjs-tests/hausbewerter-js-tests[39m[22m}[1m[32m [built][39m[22m
[../node_modules/axios/index.js] [1m./node_modules/axios/index.js[39m[22m 40 bytes {[1m[33mmain[39m[22m}[1m[32m [built][39m[22m
[../node_modules/axios/lib/axios.js] [1m./node_modules/axios/lib/axios.js[39m[22m 1.34 KiB {[1m[33mmain[39m[22m}[1m[32m [built][39m[22m
[../node_modules/core-js/library/fn/object/assign.js] [1m./node_modules/core-js/library/fn/object/assign.js[39m[22m 107 bytes {[1m[33mmain[39m[22m}[1m[32m [built][39m[22m
[../node_modules/react-dom/index.js] [1m./node_modules/react-dom/index.js[39m[22m 1.33 KiB {[1m[33mmain[39m[22m}[1m[32m [built][39m[22m
[../node_modules/react-jsonschema-form/lib/index.js] [1m./node_modules/react-jsonschema-form/lib/index.js[39m[22m 299 bytes {[1m[33mmain[39m[22m}[1m[32m [built][39m[22m
[../node_modules/react-materialize/lib/index.js] [1m./node_modules/react-materialize/lib/index.js[39m[22m 6.24 KiB {[1m[33mmain[39m[22m}[1m[32m [built][39m[22m
[../node_modules/react-router-dom/es/index.js] [1m./node_modules/react-router-dom/es/index.js[39m[22m 1010 bytes {[1m[33mmain[39m[22m}[1m[32m [built][39m[22m
[../node_modules/react/index.js] [1m./node_modules/react/index.js[39m[22m 190 bytes {[1m[33mmain[39m[22m}[1m[32m [built][39m[22m
[../node_modules_imported/kotlin-extensions/kotlin-extensions.js] [1m./node_modules_imported/kotlin-extensions/kotlin-extensions.js[39m[22m 3.86 KiB {[1m[33mmain[39m[22m}[1m[32m [built][39m[22m
[../node_modules_imported/kotlin-react-dom/kotlin-react-dom.js] [1m./node_modules_imported/kotlin-react-dom/kotlin-react-dom.js[39m[22m 112 KiB {[1m[33mmain[39m[22m}[1m[32m [built][39m[22m
[../node_modules_imported/kotlin-react/kotlin-react.js] [1m./node_modules_imported/kotlin-react/kotlin-react.js[39m[22m 14.6 KiB {[1m[33mmain[39m[22m}[1m[32m [built][39m[22m
[../node_modules_imported/kotlin-test/kotlin-test.js] [1m./node_modules_imported/kotlin-test/kotlin-test.js[39m[22m 21.6 KiB {[1m[33mjs-tests/hausbewerter-js-tests[39m[22m}[1m[32m [built][39m[22m
[../node_modules_imported/kotlin/kotlin.js] [1m./node_modules_imported/kotlin/kotlin.js[39m[22m 1.68 MiB {[1m[33mmain[39m[22m} {[1m[33mjs-tests/hausbewerter-js-tests[39m[22m}[1m[32m [built][39m[22m
[./hausbewerter-js.js] [1m./js/hausbewerter-js.js[39m[22m 167 KiB {[1m[33mmain[39m[22m}[1m[32m [built][39m[22m
    + 364 hidden modules
ℹ ｢wdm｣: Compiled successfully.
09 11 2018 09:07:01.366:INFO [karma-server]: Karma v3.1.1 server started at http://0.0.0.0:9876/
09 11 2018 09:07:01.367:INFO [launcher]: Launching browsers PhantomJS with concurrency unlimited
09 11 2018 09:07:01.373:INFO [launcher]: Starting browser PhantomJS
09 11 2018 09:07:01.924:INFO [PhantomJS 2.1.1 (Linux 0.0.0)]: Connected on socket GTFplhddv026SC0bAAAA with id 23138879
PhantomJS 2.1.1 (Linux 0.0.0): Executed 0 of 1 SUCCESS (0 secs / 0 secs)
[1A[2KPhantomJS 2.1.1 (Linux 0.0.0): Executed 1 of 1 SUCCESS (0 secs / 0.002 secs)
[1A[2KPhantomJS 2.1.1 (Linux 0.0.0): Executed 1 of 1 SUCCESS (0.047 secs / 0.002 secs)
TOTAL: 1 SUCCESS
ℹ ｢wdm｣: Compiling...
ℹ ｢wdm｣: Hash: [1m5977218fb63b3cf0972e[39m[22m
Version: webpack [1m4.23.1[39m[22m
Time: [1m11655[39m[22mms
Built at: 11/09/2018 [1m9:45:49 AM[39m[22m
                                   [1mAsset[39m[22m      [1mSize[39m[22m                          [1mChunks[39m[22m  [1m[39m[22m           [1m[39m[22m[1mChunk Names[39m[22m
[1m[32mjs-tests/hausbewerter-js-tests.bundle.js[39m[22m  1.75 MiB  [1mjs-tests/hausbewerter-js-tests[39m[22m  [1m[32m[39m[22m           js-tests/hausbewerter-js-tests
                          [1m[32mmain.bundle.js[39m[22m  4.51 MiB                            [1mmain[39m[22m  [1m[32m[emitted][39m[22m  main
Entrypoint [1mmain[39m[22m = [1m[32mmain.bundle.js[39m[22m
Entrypoint [1mjs-tests/hausbewerter-js-tests[39m[22m = [1m[32mjs-tests/hausbewerter-js-tests.bundle.js[39m[22m
[../js-tests/hausbewerter-js-tests.js] [1m./js-tests/hausbewerter-js-tests.js[39m[22m 894 bytes {[1m[33mjs-tests/hausbewerter-js-tests[39m[22m}
[../node_modules/axios/index.js] [1m./node_modules/axios/index.js[39m[22m 40 bytes {[1m[33mmain[39m[22m}
[../node_modules/axios/lib/axios.js] [1m./node_modules/axios/lib/axios.js[39m[22m 1.34 KiB {[1m[33mmain[39m[22m}
[../node_modules/core-js/library/fn/object/assign.js] [1m./node_modules/core-js/library/fn/object/assign.js[39m[22m 107 bytes {[1m[33mmain[39m[22m}
[../node_modules/react-dom/index.js] [1m./node_modules/react-dom/index.js[39m[22m 1.33 KiB {[1m[33mmain[39m[22m}
[../node_modules/react-jsonschema-form/lib/index.js] [1m./node_modules/react-jsonschema-form/lib/index.js[39m[22m 299 bytes {[1m[33mmain[39m[22m}
[../node_modules/react-materialize/lib/index.js] [1m./node_modules/react-materialize/lib/index.js[39m[22m 6.24 KiB {[1m[33mmain[39m[22m}
[../node_modules/react-router-dom/es/index.js] [1m./node_modules/react-router-dom/es/index.js[39m[22m 1010 bytes {[1m[33mmain[39m[22m}
[../node_modules/react/index.js] [1m./node_modules/react/index.js[39m[22m 190 bytes {[1m[33mmain[39m[22m}
[../node_modules_imported/kotlin-extensions/kotlin-extensions.js] [1m./node_modules_imported/kotlin-extensions/kotlin-extensions.js[39m[22m 3.86 KiB {[1m[33mmain[39m[22m}
[../node_modules_imported/kotlin-react-dom/kotlin-react-dom.js] [1m./node_modules_imported/kotlin-react-dom/kotlin-react-dom.js[39m[22m 112 KiB {[1m[33mmain[39m[22m}
[../node_modules_imported/kotlin-react/kotlin-react.js] [1m./node_modules_imported/kotlin-react/kotlin-react.js[39m[22m 14.6 KiB {[1m[33mmain[39m[22m}
[../node_modules_imported/kotlin-test/kotlin-test.js] [1m./node_modules_imported/kotlin-test/kotlin-test.js[39m[22m 21.6 KiB {[1m[33mjs-tests/hausbewerter-js-tests[39m[22m}
[../node_modules_imported/kotlin/kotlin.js] [1m./node_modules_imported/kotlin/kotlin.js[39m[22m 1.68 MiB {[1m[33mmain[39m[22m} {[1m[33mjs-tests/hausbewerter-js-tests[39m[22m}
[./hausbewerter-js.js] [1m./js/hausbewerter-js.js[39m[22m 173 KiB {[1m[33mmain[39m[22m}[1m[32m [built][39m[22m
    + 364 hidden modules
ℹ ｢wdm｣: Compiled successfully.
PhantomJS 2.1.1 (Linux 0.0.0): Executed 0 of 1 SUCCESS (0 secs / 0 secs)
[1A[2KPhantomJS 2.1.1 (Linux 0.0.0): Executed 1 of 1 SUCCESS (0 secs / 0.001 secs)
[1A[2KPhantomJS 2.1.1 (Linux 0.0.0): Executed 1 of 1 SUCCESS (0.047 secs / 0.001 secs)
TOTAL: 1 SUCCESS
ℹ ｢wdm｣: Compiling...
ℹ ｢wdm｣: Hash: [1mccdf28efef460b770c58[39m[22m
Version: webpack [1m4.23.1[39m[22m
Time: [1m11403[39m[22mms
Built at: 11/09/2018 [1m10:02:38 AM[39m[22m
                                   [1mAsset[39m[22m      [1mSize[39m[22m                          [1mChunks[39m[22m  [1m[39m[22m           [1m[39m[22m[1mChunk Names[39m[22m
[1m[32mjs-tests/hausbewerter-js-tests.bundle.js[39m[22m  1.75 MiB  [1mjs-tests/hausbewerter-js-tests[39m[22m  [1m[32m[39m[22m           js-tests/hausbewerter-js-tests
                          [1m[32mmain.bundle.js[39m[22m  4.51 MiB                            [1mmain[39m[22m  [1m[32m[emitted][39m[22m  main
Entrypoint [1mmain[39m[22m = [1m[32mmain.bundle.js[39m[22m
Entrypoint [1mjs-tests/hausbewerter-js-tests[39m[22m = [1m[32mjs-tests/hausbewerter-js-tests.bundle.js[39m[22m
[../js-tests/hausbewerter-js-tests.js] [1m./js-tests/hausbewerter-js-tests.js[39m[22m 894 bytes {[1m[33mjs-tests/hausbewerter-js-tests[39m[22m}
[../node_modules/axios/index.js] [1m./node_modules/axios/index.js[39m[22m 40 bytes {[1m[33mmain[39m[22m}
[../node_modules/axios/lib/axios.js] [1m./node_modules/axios/lib/axios.js[39m[22m 1.34 KiB {[1m[33mmain[39m[22m}
[../node_modules/core-js/library/fn/object/assign.js] [1m./node_modules/core-js/library/fn/object/assign.js[39m[22m 107 bytes {[1m[33mmain[39m[22m}
[../node_modules/react-dom/index.js] [1m./node_modules/react-dom/index.js[39m[22m 1.33 KiB {[1m[33mmain[39m[22m}
[../node_modules/react-jsonschema-form/lib/index.js] [1m./node_modules/react-jsonschema-form/lib/index.js[39m[22m 299 bytes {[1m[33mmain[39m[22m}
[../node_modules/react-materialize/lib/index.js] [1m./node_modules/react-materialize/lib/index.js[39m[22m 6.24 KiB {[1m[33mmain[39m[22m}
[../node_modules/react-router-dom/es/index.js] [1m./node_modules/react-router-dom/es/index.js[39m[22m 1010 bytes {[1m[33mmain[39m[22m}
[../node_modules/react/index.js] [1m./node_modules/react/index.js[39m[22m 190 bytes {[1m[33mmain[39m[22m}
[../node_modules_imported/kotlin-extensions/kotlin-extensions.js] [1m./node_modules_imported/kotlin-extensions/kotlin-extensions.js[39m[22m 3.86 KiB {[1m[33mmain[39m[22m}
[../node_modules_imported/kotlin-react-dom/kotlin-react-dom.js] [1m./node_modules_imported/kotlin-react-dom/kotlin-react-dom.js[39m[22m 112 KiB {[1m[33mmain[39m[22m}
[../node_modules_imported/kotlin-react/kotlin-react.js] [1m./node_modules_imported/kotlin-react/kotlin-react.js[39m[22m 14.6 KiB {[1m[33mmain[39m[22m}
[../node_modules_imported/kotlin-test/kotlin-test.js] [1m./node_modules_imported/kotlin-test/kotlin-test.js[39m[22m 21.6 KiB {[1m[33mjs-tests/hausbewerter-js-tests[39m[22m}
[../node_modules_imported/kotlin/kotlin.js] [1m./node_modules_imported/kotlin/kotlin.js[39m[22m 1.68 MiB {[1m[33mmain[39m[22m} {[1m[33mjs-tests/hausbewerter-js-tests[39m[22m}
[./hausbewerter-js.js] [1m./js/hausbewerter-js.js[39m[22m 174 KiB {[1m[33mmain[39m[22m}[1m[32m [built][39m[22m
    + 364 hidden modules
ℹ ｢wdm｣: Compiled successfully.
PhantomJS 2.1.1 (Linux 0.0.0): Executed 0 of 1 SUCCESS (0 secs / 0 secs)
[1A[2KPhantomJS 2.1.1 (Linux 0.0.0): Executed 1 of 1 SUCCESS (0 secs / 0 secs)
[1A[2KPhantomJS 2.1.1 (Linux 0.0.0): Executed 1 of 1 SUCCESS (0.046 secs / 0 secs)
TOTAL: 1 SUCCESS
09 11 2018 10:05:46.532:INFO [middleware:stopper]: Stopping server
09 11 2018 10:05:47.037:INFO [middleware:stopper]: Stopping server
